The target system is: xtratum-arm -  - 
The host system is: Linux - 5.11.21_1 - x86_64
Compiling the C compiler identification source file "CMakeCCompilerId.c" succeeded.
Compiler: /opt/xilinx/gnu/arm/lin/bin/arm-xilinx-eabi-gcc 
Build flags: 
Id flags:  

The output was:
0
/opt/xilinx/gnu/arm/lin/bin/../lib/gcc/arm-xilinx-eabi/4.8.3/../../../../arm-xilinx-eabi/bin/ld: warning: cannot find entry symbol _start; defaulting to 00008018


Compilation of the C compiler identification source "CMakeCCompilerId.c" produced "a.out"

The C compiler identification is GNU, found in "/opt/fprime/fprime/Ref/CMakeFiles/3.16.3/CompilerIdC/a.out"

Compiling the CXX compiler identification source file "CMakeCXXCompilerId.cpp" succeeded.
Compiler: /opt/xilinx/gnu/arm/lin/bin/arm-xilinx-eabi-g++ 
Build flags: 
Id flags:  

The output was:
0
/opt/xilinx/gnu/arm/lin/bin/../lib/gcc/arm-xilinx-eabi/4.8.3/../../../../arm-xilinx-eabi/bin/ld: warning: cannot find entry symbol _start; defaulting to 00008018


Compilation of the CXX compiler identification source "CMakeCXXCompilerId.cpp" produced "a.out"

The CXX compiler identification is GNU, found in "/opt/fprime/fprime/Ref/CMakeFiles/3.16.3/CompilerIdCXX/a.out"

Compiling the C compiler identification source file "CMakeCCompilerId.c" succeeded.
Compiler: /opt/xilinx/gnu/arm/lin/bin/arm-xilinx-eabi-gcc 
Build flags: 
Id flags:  

The output was:
0
/opt/xilinx/gnu/arm/lin/bin/../lib/gcc/arm-xilinx-eabi/4.8.3/../../../../arm-xilinx-eabi/bin/ld: warning: cannot find entry symbol _start; defaulting to 00008018


Compilation of the C compiler identification source "CMakeCCompilerId.c" produced "a.out"

The C compiler identification is GNU, found in "/opt/fprime/fprime/Ref/CMakeFiles/3.16.3/CompilerIdC/a.out"

Compiling the CXX compiler identification source file "CMakeCXXCompilerId.cpp" succeeded.
Compiler: /opt/xilinx/gnu/arm/lin/bin/arm-xilinx-eabi-g++ 
Build flags: 
Id flags:  

The output was:
0
/opt/xilinx/gnu/arm/lin/bin/../lib/gcc/arm-xilinx-eabi/4.8.3/../../../../arm-xilinx-eabi/bin/ld: warning: cannot find entry symbol _start; defaulting to 00008018


Compilation of the CXX compiler identification source "CMakeCXXCompilerId.cpp" produced "a.out"

The CXX compiler identification is GNU, found in "/opt/fprime/fprime/Ref/CMakeFiles/3.16.3/CompilerIdCXX/a.out"

Compiling the C compiler identification source file "CMakeCCompilerId.c" succeeded.
Compiler: /opt/xilinx/gnu/arm/lin/bin/arm-xilinx-eabi-gcc 
Build flags: 
Id flags:  

The output was:
0
/opt/xilinx/gnu/arm/lin/bin/../lib/gcc/arm-xilinx-eabi/4.8.3/../../../../arm-xilinx-eabi/bin/ld: warning: cannot find entry symbol _start; defaulting to 00008018


Compilation of the C compiler identification source "CMakeCCompilerId.c" produced "a.out"

The C compiler identification is GNU, found in "/opt/fprime/fprime/Ref/CMakeFiles/3.16.3/CompilerIdC/a.out"

Compiling the CXX compiler identification source file "CMakeCXXCompilerId.cpp" succeeded.
Compiler: /opt/xilinx/gnu/arm/lin/bin/arm-xilinx-eabi-g++ 
Build flags: 
Id flags:  

The output was:
0
/opt/xilinx/gnu/arm/lin/bin/../lib/gcc/arm-xilinx-eabi/4.8.3/../../../../arm-xilinx-eabi/bin/ld: warning: cannot find entry symbol _start; defaulting to 00008018


Compilation of the CXX compiler identification source "CMakeCXXCompilerId.cpp" produced "a.out"

The CXX compiler identification is GNU, found in "/opt/fprime/fprime/Ref/CMakeFiles/3.16.3/CompilerIdCXX/a.out"

Compiling the C compiler identification source file "CMakeCCompilerId.c" succeeded.
Compiler: /opt/xilinx/gnu/arm/lin/bin/arm-xilinx-eabi-gcc 
Build flags: 
Id flags:  

The output was:
0
/opt/xilinx/gnu/arm/lin/bin/../lib/gcc/arm-xilinx-eabi/4.8.3/../../../../arm-xilinx-eabi/bin/ld: warning: cannot find entry symbol _start; defaulting to 00008018


Compilation of the C compiler identification source "CMakeCCompilerId.c" produced "a.out"

The C compiler identification is GNU, found in "/opt/fprime/fprime/Ref/CMakeFiles/3.16.3/CompilerIdC/a.out"

Compiling the CXX compiler identification source file "CMakeCXXCompilerId.cpp" succeeded.
Compiler: /opt/xilinx/gnu/arm/lin/bin/arm-xilinx-eabi-g++ 
Build flags: 
Id flags:  

The output was:
0
/opt/xilinx/gnu/arm/lin/bin/../lib/gcc/arm-xilinx-eabi/4.8.3/../../../../arm-xilinx-eabi/bin/ld: warning: cannot find entry symbol _start; defaulting to 00008018


Compilation of the CXX compiler identification source "CMakeCXXCompilerId.cpp" produced "a.out"

The CXX compiler identification is GNU, found in "/opt/fprime/fprime/Ref/CMakeFiles/3.16.3/CompilerIdCXX/a.out"

Compiling the CXX compiler identification source file "CMakeCXXCompilerId.cpp" succeeded.
Compiler: /opt/xilinx/gnu/arm/lin/bin/arm-xilinx-eabi-g++ 
Build flags: 
Id flags:  

The output was:
0
/opt/xilinx/gnu/arm/lin/bin/../lib/gcc/arm-xilinx-eabi/4.8.3/../../../../arm-xilinx-eabi/bin/ld: warning: cannot find entry symbol _start; defaulting to 00008018


Compilation of the CXX compiler identification source "CMakeCXXCompilerId.cpp" produced "a.out"

The CXX compiler identification is GNU, found in "/opt/fprime/fprime/Ref/CMakeFiles/3.16.3/CompilerIdCXX/a.out"

